0 info it worked if it ends with ok
1 verbose cli [ 'C:\\Program Files\\nodejs\\node.exe',
1 verbose cli   'C:\\Program Files\\nodejs\\node_modules\\npm\\bin\\npm-cli.js',
1 verbose cli   'start' ]
2 info using npm@3.3.12
3 info using node@v5.5.0
4 verbose run-script [ 'prestart', 'start', 'poststart' ]
5 info lifecycle galphoto@0.0.1~prestart: galphoto@0.0.1
6 silly lifecycle galphoto@0.0.1~prestart: no script for prestart, continuing
7 info lifecycle galphoto@0.0.1~start: galphoto@0.0.1
8 verbose lifecycle galphoto@0.0.1~start: unsafe-perm in lifecycle true
9 verbose lifecycle galphoto@0.0.1~start: PATH: C:\Program Files\nodejs\node_modules\npm\bin\node-gyp-bin;C:\projects\GalPhoto\node_modules\.bin;C:\Users\mickey\bin;C:\Program Files\Git\mingw64\bin;C:\Program Files\Git\usr\local\bin;C:\Program Files\Git\usr\bin;C:\Program Files\Git\usr\bin;C:\Program Files\Git\mingw64\bin;C:\Program Files\Git\usr\bin;C:\Users\mickey\bin;C:\Program Files\Git\cmd;C:\Program Files\Git\mingw64\bin;C:\Program Files\Git\usr\bin;C:\Program Files\nodejs;C:\wamp\bin\php\php5.5.12;C:\ProgramData\ComposerSetup\bin;C:\Users\mickey\AppData\Roaming\npm;C:\Program Files\Git\usr\bin\vendor_perl;C:\Program Files\Git\usr\bin\core_perl
10 verbose lifecycle galphoto@0.0.1~start: CWD: C:\projects\GalPhoto
11 silly lifecycle galphoto@0.0.1~start: Args: [ '/d /s /c', 'node server' ]
12 info lifecycle galphoto@0.0.1~start: Failed to exec start script
13 verbose stack Error: galphoto@0.0.1 start: `node server`
13 verbose stack spawn ;C:\Program Files\Git\bin\git.exe;C:\Program Files\Git\cmd ENOENT
13 verbose stack     at exports._errnoException (util.js:856:11)
13 verbose stack     at Process.ChildProcess._handle.onexit (internal/child_process.js:178:32)
13 verbose stack     at onErrorNT (internal/child_process.js:344:16)
13 verbose stack     at nextTickCallbackWith2Args (node.js:474:9)
13 verbose stack     at process._tickCallback (node.js:388:17)
14 verbose pkgid galphoto@0.0.1
15 verbose cwd C:\projects\GalPhoto\public
16 error Windows_NT 6.1.7601
17 error argv "C:\\Program Files\\nodejs\\node.exe" "C:\\Program Files\\nodejs\\node_modules\\npm\\bin\\npm-cli.js" "start"
18 error node v5.5.0
19 error npm  v3.3.12
20 error file ;C:\Program Files\Git\bin\git.exe;C:\Program Files\Git\cmd
21 error path ;C:\Program Files\Git\bin\git.exe;C:\Program Files\Git\cmd
22 error code ELIFECYCLE
23 error errno ENOENT
24 error syscall spawn ;C:\Program Files\Git\bin\git.exe;C:\Program Files\Git\cmd
25 error galphoto@0.0.1 start: `node server`
25 error spawn ;C:\Program Files\Git\bin\git.exe;C:\Program Files\Git\cmd ENOENT
26 error Failed at the galphoto@0.0.1 start script 'node server'.
26 error Make sure you have the latest version of node.js and npm installed.
26 error If you do, this is most likely a problem with the galphoto package,
26 error not with npm itself.
26 error Tell the author that this fails on your system:
26 error     node server
26 error You can get their info via:
26 error     npm owner ls galphoto
26 error There is likely additional logging output above.
27 verbose exit [ 1, true ]
